device=mps | dims=[784, 256, 128, 10] | J=4 r=32 lambda_div=0.01 epochs=10 gate=softmax

=== dense  (235,146 params) ===
  epoch  tr_loss  test_acc     ortho    it/s
      1   0.4492   93.910%  0.00e+00    62.9
      2   0.1763   96.140%  0.00e+00    85.2
      3   0.1199   96.580%  0.00e+00    81.3
      4   0.0893   97.220%  0.00e+00    87.1
      5   0.0690   97.290%  0.00e+00    77.8
      6   0.0554   97.120%  0.00e+00    58.5
      7   0.0455   97.600%  0.00e+00    78.5
      8   0.0359   97.810%  0.00e+00    67.0
      9   0.0291   97.770%  0.00e+00    88.5
     10   0.0235   97.760%  0.00e+00    83.6

=== single_rank_Jr  (184,202 params) ===
  epoch  tr_loss  test_acc     ortho    it/s
      1   1.2350   86.340%  3.93e-06    22.6
      2   0.4445   89.680%  3.46e-06    23.0
      3   0.3517   90.940%  2.03e-06    23.2
      4   0.3099   91.470%  4.17e-06    24.1
      5   0.2815   92.120%  3.46e-06    23.7
      6   0.2597   92.620%  2.26e-06    22.4
      7   0.2409   92.990%  3.58e-06    21.0
      8   0.2243   93.430%  3.22e-06    23.5
      9   0.2111   93.690%  2.38e-06    23.7
     10   0.1985   93.970%  1.79e-06    20.9

=== wss  (184,202 params) ===
  epoch  tr_loss  test_acc     ortho    it/s
      1   1.1542   85.260%  3.93e-06    12.8
      2   0.4338   89.530%  3.22e-06    13.5
      3   0.3438   90.890%  1.91e-06    14.9
      4   0.2975   91.750%  5.36e-06    12.2
      5   0.2653   92.460%  3.58e-06    13.0
      6   0.2406   92.810%  2.86e-06    13.0
      7   0.2202   93.570%  5.25e-06    13.2
      8   0.2037   93.970%  5.84e-06    13.4
      9   0.1898   94.420%  3.10e-06    12.2
     10   0.1778   94.680%  1.67e-06    11.2

=== wss_div0  (184,202 params) ===
  epoch  tr_loss  test_acc     ortho    it/s
      1   1.1735   85.590%  4.89e-06    12.1
      2   0.4332   89.900%  3.58e-06    14.2
      3   0.3452   91.250%  1.79e-06    14.2
      4   0.3000   92.290%  5.01e-06    13.0
      5   0.2676   92.910%  5.01e-06    13.2
      6   0.2425   93.300%  3.46e-06    11.6
      7   0.2214   93.890%  4.29e-06    12.1
      8   0.2046   94.340%  5.25e-06    12.2
      9   0.1898   94.580%  3.10e-06    12.6
     10   0.1774   94.920%  1.55e-06    12.7

=== wss_no_retraction  (184,202 params) ===
  epoch  tr_loss  test_acc     ortho    it/s
      1   1.3653   83.160%  8.97e-03    35.6
      2   0.5038   88.370%  1.10e-02    34.8
      3   0.3759   90.260%  1.16e-02    35.0
      4   0.3194   91.550%  1.18e-02    34.7
      5   0.2839   92.370%  1.20e-02    34.1
      6   0.2577   93.030%  1.21e-02    32.4
      7   0.2371   93.390%  1.23e-02    34.1
      8   0.2206   93.910%  1.25e-02    32.1
      9   0.2063   94.050%  1.27e-02    35.1
     10   0.1944   94.480%  1.30e-02    35.7

============================================================================================
  run                     params      acc   ortho_err   ENC_L   ENC_R    it/s
--------------------------------------------------------------------------------------------
  dense                  235,146  97.760%    0.00e+00     nan     nan    83.6
  single_rank_Jr         184,202  93.970%    1.79e-06     nan     nan    20.9
  wss                    184,202  94.680%    1.67e-06   3.527   2.961    11.2
  wss_div0               184,202  94.920%    1.55e-06   3.528   2.959    12.7
  wss_no_retraction      184,202  94.480%    1.30e-02   3.529   2.979    35.7
============================================================================================

Verdicts:
  wss vs dense gap:           +3.080% (target |gap| <= ~1-2%)
  wss vs single_rank_Jr:      +0.710% (>0 => gated J>1 helps at matched params)
  ENC_L with/without diversity: 3.527 / 3.528 (diversity should keep ENC higher)
  Remark-8 ortho (retraction on/off): 94.680% acc & 1.7e-06 vs 94.480% acc & 1.3e-02

Wrote outputs to /Users/scottbiggs/Desktop/Telecom Paris Collab/simplified/src/complex/experiments/outputs/ (summary_e10_J4_r32.csv, report_e10_J4_r32.png)
