/Users/scottbiggs/Desktop/Telecom Paris Collab/simplified/.venv/lib/python3.12/site-packages/geoopt/manifolds/stiefel.py:182: UserWarning: The operator 'aten::_linalg_solve_ex.result' is not currently supported on the MPS backend and will fall back to run on the CPU. This may have performance implications. (Triggered internally at /Users/runner/work/pytorch/pytorch/pytorch/aten/src/ATen/mps/MPSFallback.mm:13.)
  qv = torch.linalg.solve(lhs, rhs)
device=mps | dims=[784, 256, 128, 10] | J=4 r=32 lambda_div=0.01 epochs=25 gate=softmax

=== dense  (235,146 params) ===
  epoch  tr_loss  test_acc     ortho    it/s
      1   0.4563   93.460%  0.00e+00    70.3
      2   0.1828   95.520%  0.00e+00    90.1
      3   0.1249   96.480%  0.00e+00    77.0
      4   0.0934   96.920%  0.00e+00    82.7
      5   0.0731   97.260%  0.00e+00    86.5
      6   0.0563   97.760%  0.00e+00    87.7
      7   0.0444   97.280%  0.00e+00    89.6
      8   0.0371   97.700%  0.00e+00    80.3
      9   0.0292   97.890%  0.00e+00    82.5
     10   0.0235   97.760%  0.00e+00    90.9
     11   0.0199   97.800%  0.00e+00    89.1
     12   0.0167   97.830%  0.00e+00    91.4
     13   0.0137   97.990%  0.00e+00    84.4
     14   0.0084   97.780%  0.00e+00    88.2
     15   0.0075   98.120%  0.00e+00    89.1
     16   0.0062   98.070%  0.00e+00    87.7
     17   0.0046   97.810%  0.00e+00    90.1
     18   0.0066   97.580%  0.00e+00    89.7
     19   0.0141   97.650%  0.00e+00    83.8
     20   0.0114   97.970%  0.00e+00    84.0
     21   0.0038   97.890%  0.00e+00    90.8
     22   0.0035   98.120%  0.00e+00    91.8
     23   0.0009   98.300%  0.00e+00    89.9
     24   0.0006   98.270%  0.00e+00    89.7
     25   0.0007   98.290%  0.00e+00    89.7

=== single_rank_Jr  (184,202 params) ===
  epoch  tr_loss  test_acc     ortho    it/s
      1   1.2311   86.410%  4.29e-06    21.9
      2   0.4445   89.610%  2.38e-06    24.2
      3   0.3520   90.850%  2.03e-06    20.0
      4   0.3100   91.540%  3.10e-06    15.6
      5   0.2818   92.120%  2.74e-06    19.1
      6   0.2595   92.660%  2.38e-06    18.1
      7   0.2402   93.050%  4.53e-06    17.4
      8   0.2246   93.320%  2.86e-06    16.9
      9   0.2108   93.660%  2.86e-06    20.1
     10   0.1986   93.960%  1.91e-06    24.7
     11   0.1880   94.120%  3.46e-06    23.6
     12   0.1787   94.350%  2.50e-06    20.7
     13   0.1703   94.380%  1.91e-06    20.0
     14   0.1623   94.680%  2.98e-06    20.1
     15   0.1558   94.690%  3.34e-06    20.4
     16   0.1496   94.870%  2.03e-06    20.6
     17   0.1437   95.050%  3.34e-06    20.4
     18   0.1387   95.220%  3.70e-06    20.3
     19   0.1332   95.210%  2.15e-06    20.4
     20   0.1289   95.490%  1.91e-06    20.0
     21   0.1242   95.390%  3.10e-06    20.2
     22   0.1201   95.550%  3.10e-06    20.6
     23   0.1162   95.400%  1.91e-06    19.3
     24   0.1124   95.520%  4.05e-06    20.7
     25   0.1099   95.630%  2.50e-06    20.4

=== wss  (184,202 params) ===
  epoch  tr_loss  test_acc     ortho    it/s
      1   1.1526   84.770%  3.81e-06    10.2
      2   0.4332   89.270%  3.22e-06    12.1
      3   0.3428   91.000%  2.50e-06    13.1
      4   0.2968   91.800%  5.72e-06    11.8
      5   0.2657   92.450%  3.58e-06    12.2
      6   0.2401   92.810%  2.98e-06    12.5
      7   0.2213   93.520%  5.13e-06    12.0
      8   0.2042   93.980%  4.29e-06    12.4
      9   0.1900   94.370%  2.74e-06    11.3
     10   0.1775   94.520%  1.91e-06    10.6
     11   0.1675   94.760%  5.36e-06    10.7
     12   0.1584   94.950%  3.34e-06    12.7
     13   0.1494   95.170%  2.03e-06    11.3
     14   0.1417   95.290%  6.68e-06    12.3
     15   0.1350   95.520%  2.62e-06    12.3
     16   0.1292   95.520%  4.29e-06    11.7
     17   0.1235   95.640%  5.01e-06    10.6
     18   0.1180   95.660%  4.41e-06    11.9
     19   0.1140   95.890%  4.05e-06    11.4
     20   0.1090   95.940%  2.26e-06    11.2
     21   0.1050   96.000%  4.41e-06    12.0
     22   0.1006   96.060%  2.98e-06    11.1
     23   0.0974   96.290%  2.15e-06    11.9
     24   0.0935   96.070%  4.65e-06    12.4
     25   0.0904   96.140%  5.48e-06    11.9

============================================================================================
  run                     params      acc   ortho_err   ENC_L   ENC_R    it/s
--------------------------------------------------------------------------------------------
  dense                  235,146  98.290%    0.00e+00     nan     nan    89.7
  single_rank_Jr         184,202  95.630%    2.50e-06     nan     nan    20.4
  wss                    184,202  96.140%    5.48e-06   3.528   2.964    11.9
============================================================================================

Verdicts:
  wss vs dense gap:             +2.150% (target |gap| <= ~1-2%)
  wss vs single_rank_Jr:        +0.510% (>0 => gated J>1 helps at matched params)

Wrote outputs to /Users/scottbiggs/Desktop/Telecom Paris Collab/simplified/src/complex/experiments/outputs/ (summary_e25_J4_r32.csv, report_e25_J4_r32.png)
